05/18/2021 10:35:40 PM - INFO - generating tool/gen gen_test done
05/18/2021 10:36:52 PM - INFO - generating tool/gen gen_test done
05/18/2021 10:39:38 PM - INFO - generating tool/gen gen_test done
05/18/2021 10:43:48 PM - INFO - generating tool/gen test done
05/18/2021 10:45:17 PM - INFO - generating tool/gen test done
05/18/2021 11:09:41 PM - INFO - generating tool/gen test done
05/18/2021 11:15:15 PM - INFO - generating tool/gen test done
05/19/2021 09:27:20 PM - INFO - generating tool/gen test done
05/19/2021 09:41:02 PM - ERROR - tool is not operational
05/19/2021 09:41:47 PM - ERROR - tool is not operational
05/19/2021 09:44:05 PM - INFO - generating tool/gen test done
05/19/2021 09:45:14 PM - INFO - generating tool/gen test done
05/19/2021 09:47:20 PM - INFO - generating tool/gen test done
05/19/2021 09:48:44 PM - INFO - generating tool/gen test done
05/19/2021 09:49:54 PM - INFO - generating tool/gen test done
05/19/2021 09:51:51 PM - ERROR - tool/gen already exist
05/19/2021 09:53:08 PM - INFO - generating tool/gen test done
05/19/2021 09:53:24 PM - INFO - generating tool/gen test done
05/19/2021 09:57:34 PM - INFO - generating tool/gen test done
05/19/2021 10:09:05 PM - INFO - generating tool/gen test done
05/19/2021 10:10:12 PM - INFO - generating tool/gen test done
05/19/2021 10:10:47 PM - INFO - generating tool/gen test done
05/19/2021 10:16:18 PM - INFO - generating tool/gen test done
05/20/2021 04:01:28 AM - INFO - generating tool/gen test done
05/20/2021 04:04:14 AM - INFO - generating tool/gen lipo done
05/20/2021 04:22:36 AM - ERROR - tool/gen already exist
05/20/2021 04:36:32 AM - INFO - generating tool/gen lipo done
05/20/2021 04:48:55 AM - INFO - generating tool/gen lipo done
05/20/2021 04:55:17 AM - ERROR - tool/gen already exist
05/20/2021 04:55:26 AM - INFO - generating tool/gen lipo done
05/20/2021 05:01:36 AM - INFO - generating tool/gen lipo done
05/20/2021 05:03:52 AM - INFO - generating tool/gen lipo done
05/20/2021 05:06:14 AM - INFO - generating tool/gen lipo done
05/21/2021 08:20:45 AM - INFO - generating tool/gen lipo done
05/21/2021 08:23:18 AM - INFO - generating tool/gen lipo done
